<?xml version="1.0" encoding="UTF-8"?>
<!-- Generated by org.testng.reporters.JUnitReportReporter -->
<testsuite hostname="LAPTOP-8VKI63NR" failures="0" tests="1" name="testCases.ZenarioLogin" time="16.622" errors="0" timestamp="2021-02-19T12:41:36 IST" skipped="0">
  <testcase classname="testCases.ZenarioLogin" name="login" time="16.622"/>
  <system-out/>
</testsuite> <!-- testCases.ZenarioLogin -->
