<?xml version="1.0" encoding="UTF-8"?>
<!-- Generated by org.testng.reporters.JUnitReportReporter -->
<testsuite hostname="LAPTOP-8VKI63NR" failures="0" tests="1" name="testCases.LoginTestCase" time="9.198" errors="0" timestamp="2021-02-17T20:07:12 IST" skipped="0">
  <testcase classname="testCases.LoginTestCase" name="login" time="9.198"/>
  <system-out/>
</testsuite> <!-- testCases.LoginTestCase -->
